client/app/build/intermediates/manifest_merge_blame_file/debug/manifest-merger-blame-debug-report.txt
1<?xml version="1.0" encoding="utf-8"?>
2<manifest xmlns:android="http://schemas.android.com/apk/res/android"
3    package="com.example.pickt"
4    android:versionCode="1"
5    android:versionName="1.0" >
6
7    <uses-sdk
8        android:minSdkVersion="16"
8-->src/main/AndroidManifest.xml
9        android:targetSdkVersion="30" />
9-->src/main/AndroidManifest.xml
10
11    <uses-permission android:name="android.permission.INTERNET" />
11-->src/main/AndroidManifest.xml:6:5-67
11-->src/main/AndroidManifest.xml:6:22-64
12    <uses-permission android:name="android.permission.READ_EXTERNAL_STORAGE" />
12-->src/main/AndroidManifest.xml:7:5-80
12-->src/main/AndroidManifest.xml:7:22-77
13    <uses-permission android:name="android.permission.WRITE_EXTERNAL_STORAGE" />
13-->src/main/AndroidManifest.xml:8:5-81
13-->src/main/AndroidManifest.xml:8:22-78
14
15    <application
15-->src/main/AndroidManifest.xml:10:5-33:19
16        android:allowBackup="true"
16-->src/main/AndroidManifest.xml:11:9-35
17        android:appComponentFactory="androidx.core.app.CoreComponentFactory"
17-->[androidx.core:core:1.3.1] AndroidManifest.xml:24:18-86
18        android:debuggable="true"
19        android:icon="@mipmap/ic_launcher"
19-->src/main/AndroidManifest.xml:12:9-43
20        android:label="@string/app_name"
20-->src/main/AndroidManifest.xml:13:9-41
21        android:networkSecurityConfig="@xml/network_security_config"
21-->src/main/AndroidManifest.xml:14:9-69
22        android:roundIcon="@mipmap/ic_launcher_round"
22-->src/main/AndroidManifest.xml:15:9-54
23        android:supportsRtl="true"
23-->src/main/AndroidManifest.xml:16:9-35
24        android:testOnly="true"
25        android:theme="@style/Theme.AppCompat.Light.NoActionBar"
25-->src/main/AndroidManifest.xml:17:9-65
26        android:usesCleartextTraffic="true" >
26-->src/main/AndroidManifest.xml:18:9-44
27        <activity android:name="com.example.pickt.TrailerInfoActivity" />
27-->src/main/AndroidManifest.xml:19:9-66
27-->src/main/AndroidManifest.xml:19:19-54
28        <activity android:name="com.example.pickt.FavoriteActivity" />
28-->src/main/AndroidManifest.xml:20:9-54
28-->src/main/AndroidManifest.xml:20:19-51
29        <activity android:name="com.example.pickt.ReservationList" />
29-->src/main/AndroidManifest.xml:21:9-53
29-->src/main/AndroidManifest.xml:21:19-50
30        <activity android:name="com.example.pickt.AddTrailerActivity" />
30-->src/main/AndroidManifest.xml:22:9-56
30-->src/main/AndroidManifest.xml:22:19-53
31        <activity android:name="com.example.pickt.SplashActivity" />
31-->src/main/AndroidManifest.xml:23:9-52
31-->src/main/AndroidManifest.xml:23:19-49
32        <activity android:name="com.example.pickt.SignUpActivity" />
32-->src/main/AndroidManifest.xml:24:9-52
32-->src/main/AndroidManifest.xml:24:19-49
33        <activity android:name="com.example.pickt.MainActivity" />
33-->src/main/AndroidManifest.xml:25:9-50
33-->src/main/AndroidManifest.xml:25:19-47
34        <activity android:name="com.example.pickt.LoginActivity" >
34-->src/main/AndroidManifest.xml:26:9-32:20
34-->src/main/AndroidManifest.xml:26:19-48
35            <intent-filter>
35-->src/main/AndroidManifest.xml:27:13-31:29
36                <action android:name="android.intent.action.MAIN" />
36-->src/main/AndroidManifest.xml:28:17-69
36-->src/main/AndroidManifest.xml:28:25-66
37
38                <category android:name="android.intent.category.LAUNCHER" />
38-->src/main/AndroidManifest.xml:30:17-77
38-->src/main/AndroidManifest.xml:30:27-74
39            </intent-filter>
40        </activity>
41    </application>
42
43</manifest>